<?xml version="1.0" encoding="UTF-8"?>
<!-- Generated by org.testng.reporters.JUnitXMLReporter -->
<testsuite ignored="0" hostname="DESKTOP-VQS1UIG" failures="0" tests="4" name="Test" time="15.357" errors="0" timestamp="2022-07-13T12:24:16 CEST">
  <testcase classname="soap.MultipleTestSuite" name="SoapTest" time="12.213"/>
  <testcase classname="Rest.restcountriesComTestSuite" name="SoapTest" time="0.976"/>
  <testcase classname="soap.testSeperatly" name="singleTest" time="0.512"/>
  <testcase classname="soap.FirstTest" name="SoapTest" time="1.615"/>
</testsuite> <!-- Test -->
