<?xml version="1.0" encoding="UTF-8"?>
<testng-results ignored="0" total="4" passed="4" failed="0" skipped="0">
  <reporter-output>
  </reporter-output>
  <suite started-at="2022-07-13T12:24:00 CEST" name="Suite" finished-at="2022-07-13T12:24:16 CEST" duration-ms="15357">
    <groups>
    </groups>
    <test started-at="2022-07-13T12:24:00 CEST" name="Test" finished-at="2022-07-13T12:24:16 CEST" duration-ms="15357">
      <class name="Rest.restcountriesComTestSuite">
        <test-method signature="SoapTest()[pri:0, instance:Rest.restcountriesComTestSuite@46d59067]" started-at="2022-07-13T12:24:13 CEST" name="SoapTest" finished-at="2022-07-13T12:24:14 CEST" duration-ms="976" status="PASS">
          <reporter-output>
          </reporter-output>
        </test-method> <!-- SoapTest -->
      </class> <!-- Rest.restcountriesComTestSuite -->
      <class name="soap.testSeperatly">
        <test-method signature="singleTest()[pri:0, instance:soap.testSeperatly@2d0399f4]" started-at="2022-07-13T12:24:14 CEST" name="singleTest" finished-at="2022-07-13T12:24:14 CEST" duration-ms="512" status="PASS">
          <reporter-output>
          </reporter-output>
        </test-method> <!-- singleTest -->
      </class> <!-- soap.testSeperatly -->
      <class name="soap.MultipleTestSuite">
        <test-method signature="SoapTest()[pri:0, instance:soap.MultipleTestSuite@d23e042]" started-at="2022-07-13T12:24:00 CEST" name="SoapTest" finished-at="2022-07-13T12:24:13 CEST" duration-ms="12213" status="PASS">
          <reporter-output>
          </reporter-output>
        </test-method> <!-- SoapTest -->
      </class> <!-- soap.MultipleTestSuite -->
      <class name="soap.FirstTest">
        <test-method signature="SoapTest()[pri:0, instance:soap.FirstTest@14dd7b39]" started-at="2022-07-13T12:24:14 CEST" name="SoapTest" finished-at="2022-07-13T12:24:16 CEST" duration-ms="1615" status="PASS">
          <reporter-output>
          </reporter-output>
        </test-method> <!-- SoapTest -->
      </class> <!-- soap.FirstTest -->
    </test> <!-- Test -->
  </suite> <!-- Suite -->
</testng-results>
